<?xml version="1.0" encoding="UTF-8"?>
<robot generator="Robot 6.1.1 (Python 3.13.0 on win32)" generated="20241126 09:48:20.806" rpa="false" schemaversion="4">
<suite id="s1" name="Tests" source="C:\MyTemp\TEKA3003\ohturepo2\osa3\src\tests">
<suite id="s1-s1" name="Increase Counter" source="C:\MyTemp\TEKA3003\ohturepo2\osa3\src\tests\increase_counter.robot">
<test id="s1-s1-t1" name="Increase Counter Once" line="5">
<kw name="Counter Value Should Be" library="CounterLibrary">
<arg>0</arg>
<status status="PASS" starttime="20241126 09:48:20.912" endtime="20241126 09:48:20.913"/>
</kw>
<kw name="Increase Counter" library="CounterLibrary">
<status status="PASS" starttime="20241126 09:48:20.913" endtime="20241126 09:48:20.913"/>
</kw>
<kw name="Counter Value Should Be" library="CounterLibrary">
<arg>1</arg>
<status status="PASS" starttime="20241126 09:48:20.913" endtime="20241126 09:48:20.913"/>
</kw>
<status status="PASS" starttime="20241126 09:48:20.912" endtime="20241126 09:48:20.913"/>
</test>
<test id="s1-s1-t2" name="Increase Counter Many Times" line="10">
<kw name="Counter Value Should Be" library="CounterLibrary">
<arg>0</arg>
<status status="PASS" starttime="20241126 09:48:20.914" endtime="20241126 09:48:20.914"/>
</kw>
<kw name="Increase Counter" library="CounterLibrary">
<status status="PASS" starttime="20241126 09:48:20.914" endtime="20241126 09:48:20.914"/>
</kw>
<kw name="Increase Counter" library="CounterLibrary">
<status status="PASS" starttime="20241126 09:48:20.914" endtime="20241126 09:48:20.914"/>
</kw>
<kw name="Increase Counter" library="CounterLibrary">
<status status="PASS" starttime="20241126 09:48:20.914" endtime="20241126 09:48:20.914"/>
</kw>
<kw name="Counter Value Should Be" library="CounterLibrary">
<arg>3</arg>
<status status="PASS" starttime="20241126 09:48:20.914" endtime="20241126 09:48:20.914"/>
</kw>
<status status="PASS" starttime="20241126 09:48:20.913" endtime="20241126 09:48:20.914"/>
</test>
<test id="s1-s1-t3" name="Increment Counter By Amount" line="17">
<kw name="Counter Value Should Be" library="CounterLibrary">
<arg>0</arg>
<status status="PASS" starttime="20241126 09:48:20.915" endtime="20241126 09:48:20.915"/>
</kw>
<kw name="Increment Counter By" library="CounterLibrary">
<arg>5</arg>
<status status="PASS" starttime="20241126 09:48:20.915" endtime="20241126 09:48:20.915"/>
</kw>
<kw name="Counter Value Should Be" library="CounterLibrary">
<arg>5</arg>
<status status="PASS" starttime="20241126 09:48:20.915" endtime="20241126 09:48:20.915"/>
</kw>
<status status="PASS" starttime="20241126 09:48:20.914" endtime="20241126 09:48:20.915"/>
</test>
<status status="PASS" starttime="20241126 09:48:20.902" endtime="20241126 09:48:20.915"/>
</suite>
<status status="PASS" starttime="20241126 09:48:20.806" endtime="20241126 09:48:20.916"/>
</suite>
<statistics>
<total>
<stat pass="3" fail="0" skip="0">All Tests</stat>
</total>
<tag>
</tag>
<suite>
<stat pass="3" fail="0" skip="0" id="s1" name="Tests">Tests</stat>
<stat pass="3" fail="0" skip="0" id="s1-s1" name="Increase Counter">Tests.Increase Counter</stat>
</suite>
</statistics>
<errors>
</errors>
</robot>
