<?xml version="1.0" encoding="UTF-8"?>
<robot generator="Robot 6.1.1 (Python 3.13.0 on win32)" generated="20241126 16:18:28.432" rpa="false" schemaversion="4">
<suite id="s1" name="Tests" source="C:\MyTemp\TEKA3003\ohturepo2\osa3\login-robot\src\tests">
<suite id="s1-s1" name="Login" source="C:\MyTemp\TEKA3003\ohturepo2\osa3\login-robot\src\tests\login.robot">
<test id="s1-s1-t1" name="Login With Correct Credentials" line="6">
<kw name="Create User And Input Login Command" type="SETUP">
<kw name="Create User" library="AppLibrary">
<arg>kalle</arg>
<arg>kalle123</arg>
<status status="PASS" starttime="20241126 16:18:28.454" endtime="20241126 16:18:28.454"/>
</kw>
<kw name="Input Login Command" library="resource">
<kw name="Input" library="AppLibrary">
<arg>login</arg>
<status status="PASS" starttime="20241126 16:18:28.454" endtime="20241126 16:18:28.454"/>
</kw>
<status status="PASS" starttime="20241126 16:18:28.454" endtime="20241126 16:18:28.454"/>
</kw>
<status status="PASS" starttime="20241126 16:18:28.454" endtime="20241126 16:18:28.454"/>
</kw>
<kw name="Input Credentials" library="resource">
<arg>kalle</arg>
<arg>kalle123</arg>
<kw name="Input" library="AppLibrary">
<arg>${username}</arg>
<status status="PASS" starttime="20241126 16:18:28.455" endtime="20241126 16:18:28.455"/>
</kw>
<kw name="Input" library="AppLibrary">
<arg>${password}</arg>
<status status="PASS" starttime="20241126 16:18:28.455" endtime="20241126 16:18:28.455"/>
</kw>
<kw name="Run Application" library="AppLibrary">
<status status="PASS" starttime="20241126 16:18:28.455" endtime="20241126 16:18:28.455"/>
</kw>
<status status="PASS" starttime="20241126 16:18:28.455" endtime="20241126 16:18:28.455"/>
</kw>
<kw name="Output Should Contain" library="AppLibrary">
<arg>Logged in</arg>
<status status="PASS" starttime="20241126 16:18:28.455" endtime="20241126 16:18:28.455"/>
</kw>
<status status="PASS" starttime="20241126 16:18:28.454" endtime="20241126 16:18:28.455"/>
</test>
<test id="s1-s1-t2" name="Login With Incorrect Password" line="10">
<kw name="Create User And Input Login Command" type="SETUP">
<kw name="Create User" library="AppLibrary">
<arg>kalle</arg>
<arg>kalle123</arg>
<status status="PASS" starttime="20241126 16:18:28.456" endtime="20241126 16:18:28.456"/>
</kw>
<kw name="Input Login Command" library="resource">
<kw name="Input" library="AppLibrary">
<arg>login</arg>
<status status="PASS" starttime="20241126 16:18:28.456" endtime="20241126 16:18:28.456"/>
</kw>
<status status="PASS" starttime="20241126 16:18:28.456" endtime="20241126 16:18:28.456"/>
</kw>
<status status="PASS" starttime="20241126 16:18:28.456" endtime="20241126 16:18:28.456"/>
</kw>
<kw name="Input Credentials" library="resource">
<arg>kalle</arg>
<arg>wrongpassword</arg>
<kw name="Input" library="AppLibrary">
<arg>${username}</arg>
<status status="PASS" starttime="20241126 16:18:28.456" endtime="20241126 16:18:28.456"/>
</kw>
<kw name="Input" library="AppLibrary">
<arg>${password}</arg>
<status status="PASS" starttime="20241126 16:18:28.456" endtime="20241126 16:18:28.457"/>
</kw>
<kw name="Run Application" library="AppLibrary">
<status status="PASS" starttime="20241126 16:18:28.457" endtime="20241126 16:18:28.457"/>
</kw>
<status status="PASS" starttime="20241126 16:18:28.456" endtime="20241126 16:18:28.457"/>
</kw>
<kw name="Output Should Contain" library="AppLibrary">
<arg>Invalid username or password</arg>
<status status="PASS" starttime="20241126 16:18:28.457" endtime="20241126 16:18:28.457"/>
</kw>
<status status="PASS" starttime="20241126 16:18:28.455" endtime="20241126 16:18:28.457"/>
</test>
<test id="s1-s1-t3" name="Login With Nonexistent Username" line="14">
<kw name="Create User And Input Login Command" type="SETUP">
<kw name="Create User" library="AppLibrary">
<arg>kalle</arg>
<arg>kalle123</arg>
<status status="PASS" starttime="20241126 16:18:28.457" endtime="20241126 16:18:28.458"/>
</kw>
<kw name="Input Login Command" library="resource">
<kw name="Input" library="AppLibrary">
<arg>login</arg>
<status status="PASS" starttime="20241126 16:18:28.458" endtime="20241126 16:18:28.458"/>
</kw>
<status status="PASS" starttime="20241126 16:18:28.458" endtime="20241126 16:18:28.458"/>
</kw>
<status status="PASS" starttime="20241126 16:18:28.457" endtime="20241126 16:18:28.458"/>
</kw>
<kw name="Input Credentials" library="resource">
<arg>nonexistinguser</arg>
<arg>somepassword</arg>
<kw name="Input" library="AppLibrary">
<arg>${username}</arg>
<status status="PASS" starttime="20241126 16:18:28.458" endtime="20241126 16:18:28.458"/>
</kw>
<kw name="Input" library="AppLibrary">
<arg>${password}</arg>
<status status="PASS" starttime="20241126 16:18:28.458" endtime="20241126 16:18:28.458"/>
</kw>
<kw name="Run Application" library="AppLibrary">
<status status="PASS" starttime="20241126 16:18:28.458" endtime="20241126 16:18:28.458"/>
</kw>
<status status="PASS" starttime="20241126 16:18:28.458" endtime="20241126 16:18:28.458"/>
</kw>
<kw name="Output Should Contain" library="AppLibrary">
<arg>Invalid username or password</arg>
<status status="PASS" starttime="20241126 16:18:28.458" endtime="20241126 16:18:28.458"/>
</kw>
<status status="PASS" starttime="20241126 16:18:28.457" endtime="20241126 16:18:28.458"/>
</test>
<status status="PASS" starttime="20241126 16:18:28.449" endtime="20241126 16:18:28.459"/>
</suite>
<suite id="s1-s2" name="Register" source="C:\MyTemp\TEKA3003\ohturepo2\osa3\login-robot\src\tests\register.robot">
<test id="s1-s2-t1" name="Register With Valid Username And Password" line="7">
<kw name="Create User And Input Login Command" type="SETUP">
<kw name="Create User">
<arg>kalle</arg>
<arg>kalle123</arg>
<doc>This keyword creates a new user with the specified username and password.</doc>
<kw name="Log" library="BuiltIn">
<arg>Creating user with username: ${username} and password: ${password}</arg>
<doc>Logs the given message with the given level.</doc>
<msg timestamp="20241126 16:18:28.461" level="INFO">Creating user with username: kalle and password: kalle123</msg>
<status status="PASS" starttime="20241126 16:18:28.461" endtime="20241126 16:18:28.461"/>
</kw>
<status status="PASS" starttime="20241126 16:18:28.460" endtime="20241126 16:18:28.461"/>
</kw>
<kw name="Input Login Command" library="resource">
<kw name="Input" library="AppLibrary">
<arg>login</arg>
<status status="PASS" starttime="20241126 16:18:28.461" endtime="20241126 16:18:28.461"/>
</kw>
<status status="PASS" starttime="20241126 16:18:28.461" endtime="20241126 16:18:28.461"/>
</kw>
<status status="PASS" starttime="20241126 16:18:28.460" endtime="20241126 16:18:28.461"/>
</kw>
<kw name="Create User">
<arg>validuser</arg>
<arg>validPassword123</arg>
<doc>This keyword creates a new user with the specified username and password.</doc>
<kw name="Log" library="BuiltIn">
<arg>Creating user with username: ${username} and password: ${password}</arg>
<doc>Logs the given message with the given level.</doc>
<msg timestamp="20241126 16:18:28.461" level="INFO">Creating user with username: validuser and password: validPassword123</msg>
<status status="PASS" starttime="20241126 16:18:28.461" endtime="20241126 16:18:28.461"/>
</kw>
<status status="PASS" starttime="20241126 16:18:28.461" endtime="20241126 16:18:28.461"/>
</kw>
<kw name="Output Should Contain">
<arg>User created successfully</arg>
<doc>This keyword checks if the expected output is present in the response or UI after submitting the credentials.</doc>
<kw name="Log" library="BuiltIn">
<arg>Checking if output contains: ${expected_output}</arg>
<doc>Logs the given message with the given level.</doc>
<msg timestamp="20241126 16:18:28.461" level="INFO">Checking if output contains: User created successfully</msg>
<status status="PASS" starttime="20241126 16:18:28.461" endtime="20241126 16:18:28.461"/>
</kw>
<status status="PASS" starttime="20241126 16:18:28.461" endtime="20241126 16:18:28.461"/>
</kw>
<doc>This test verifies that a user can successfully register with a valid username and password.</doc>
<status status="PASS" starttime="20241126 16:18:28.460" endtime="20241126 16:18:28.461"/>
</test>
<test id="s1-s2-t2" name="Register With Already Taken Username And Valid Password" line="12">
<kw name="Create User And Input Login Command" type="SETUP">
<kw name="Create User">
<arg>kalle</arg>
<arg>kalle123</arg>
<doc>This keyword creates a new user with the specified username and password.</doc>
<kw name="Log" library="BuiltIn">
<arg>Creating user with username: ${username} and password: ${password}</arg>
<doc>Logs the given message with the given level.</doc>
<msg timestamp="20241126 16:18:28.462" level="INFO">Creating user with username: kalle and password: kalle123</msg>
<status status="PASS" starttime="20241126 16:18:28.462" endtime="20241126 16:18:28.463"/>
</kw>
<status status="PASS" starttime="20241126 16:18:28.462" endtime="20241126 16:18:28.463"/>
</kw>
<kw name="Input Login Command" library="resource">
<kw name="Input" library="AppLibrary">
<arg>login</arg>
<status status="PASS" starttime="20241126 16:18:28.463" endtime="20241126 16:18:28.463"/>
</kw>
<status status="PASS" starttime="20241126 16:18:28.463" endtime="20241126 16:18:28.463"/>
</kw>
<status status="PASS" starttime="20241126 16:18:28.462" endtime="20241126 16:18:28.463"/>
</kw>
<kw name="Create User">
<arg>kalle</arg>
<arg>kalle123</arg>
<doc>This keyword creates a new user with the specified username and password.</doc>
<kw name="Log" library="BuiltIn">
<arg>Creating user with username: ${username} and password: ${password}</arg>
<doc>Logs the given message with the given level.</doc>
<msg timestamp="20241126 16:18:28.463" level="INFO">Creating user with username: kalle and password: kalle123</msg>
<status status="PASS" starttime="20241126 16:18:28.463" endtime="20241126 16:18:28.463"/>
</kw>
<status status="PASS" starttime="20241126 16:18:28.463" endtime="20241126 16:18:28.463"/>
</kw>
<kw name="Output Should Contain">
<arg>Username already taken</arg>
<doc>This keyword checks if the expected output is present in the response or UI after submitting the credentials.</doc>
<kw name="Log" library="BuiltIn">
<arg>Checking if output contains: ${expected_output}</arg>
<doc>Logs the given message with the given level.</doc>
<msg timestamp="20241126 16:18:28.463" level="INFO">Checking if output contains: Username already taken</msg>
<status status="PASS" starttime="20241126 16:18:28.463" endtime="20241126 16:18:28.463"/>
</kw>
<status status="PASS" starttime="20241126 16:18:28.463" endtime="20241126 16:18:28.463"/>
</kw>
<doc>This test checks if attempting to register with an already taken username fails.</doc>
<status status="PASS" starttime="20241126 16:18:28.462" endtime="20241126 16:18:28.463"/>
</test>
<test id="s1-s2-t3" name="Register With Too Short Username And Valid Password" line="17">
<kw name="Create User And Input Login Command" type="SETUP">
<kw name="Create User">
<arg>kalle</arg>
<arg>kalle123</arg>
<doc>This keyword creates a new user with the specified username and password.</doc>
<kw name="Log" library="BuiltIn">
<arg>Creating user with username: ${username} and password: ${password}</arg>
<doc>Logs the given message with the given level.</doc>
<msg timestamp="20241126 16:18:28.464" level="INFO">Creating user with username: kalle and password: kalle123</msg>
<status status="PASS" starttime="20241126 16:18:28.464" endtime="20241126 16:18:28.464"/>
</kw>
<status status="PASS" starttime="20241126 16:18:28.464" endtime="20241126 16:18:28.464"/>
</kw>
<kw name="Input Login Command" library="resource">
<kw name="Input" library="AppLibrary">
<arg>login</arg>
<status status="PASS" starttime="20241126 16:18:28.464" endtime="20241126 16:18:28.464"/>
</kw>
<status status="PASS" starttime="20241126 16:18:28.464" endtime="20241126 16:18:28.464"/>
</kw>
<status status="PASS" starttime="20241126 16:18:28.464" endtime="20241126 16:18:28.464"/>
</kw>
<kw name="Create User">
<arg>ab</arg>
<arg>validPassword123</arg>
<doc>This keyword creates a new user with the specified username and password.</doc>
<kw name="Log" library="BuiltIn">
<arg>Creating user with username: ${username} and password: ${password}</arg>
<doc>Logs the given message with the given level.</doc>
<msg timestamp="20241126 16:18:28.464" level="INFO">Creating user with username: ab and password: validPassword123</msg>
<status status="PASS" starttime="20241126 16:18:28.464" endtime="20241126 16:18:28.465"/>
</kw>
<status status="PASS" starttime="20241126 16:18:28.464" endtime="20241126 16:18:28.465"/>
</kw>
<kw name="Output Should Contain">
<arg>Username too short</arg>
<doc>This keyword checks if the expected output is present in the response or UI after submitting the credentials.</doc>
<kw name="Log" library="BuiltIn">
<arg>Checking if output contains: ${expected_output}</arg>
<doc>Logs the given message with the given level.</doc>
<msg timestamp="20241126 16:18:28.465" level="INFO">Checking if output contains: Username too short</msg>
<status status="PASS" starttime="20241126 16:18:28.465" endtime="20241126 16:18:28.465"/>
</kw>
<status status="PASS" starttime="20241126 16:18:28.465" endtime="20241126 16:18:28.465"/>
</kw>
<doc>This test checks if the system rejects a username that is too short.</doc>
<status status="PASS" starttime="20241126 16:18:28.464" endtime="20241126 16:18:28.465"/>
</test>
<test id="s1-s2-t4" name="Register With Enough Long But Invalid Username And Valid Password" line="22">
<kw name="Create User And Input Login Command" type="SETUP">
<kw name="Create User">
<arg>kalle</arg>
<arg>kalle123</arg>
<doc>This keyword creates a new user with the specified username and password.</doc>
<kw name="Log" library="BuiltIn">
<arg>Creating user with username: ${username} and password: ${password}</arg>
<doc>Logs the given message with the given level.</doc>
<msg timestamp="20241126 16:18:28.466" level="INFO">Creating user with username: kalle and password: kalle123</msg>
<status status="PASS" starttime="20241126 16:18:28.466" endtime="20241126 16:18:28.466"/>
</kw>
<status status="PASS" starttime="20241126 16:18:28.465" endtime="20241126 16:18:28.466"/>
</kw>
<kw name="Input Login Command" library="resource">
<kw name="Input" library="AppLibrary">
<arg>login</arg>
<status status="PASS" starttime="20241126 16:18:28.466" endtime="20241126 16:18:28.466"/>
</kw>
<status status="PASS" starttime="20241126 16:18:28.466" endtime="20241126 16:18:28.466"/>
</kw>
<status status="PASS" starttime="20241126 16:18:28.465" endtime="20241126 16:18:28.466"/>
</kw>
<kw name="Create User">
<arg>invalid!user</arg>
<arg>validPassword123</arg>
<doc>This keyword creates a new user with the specified username and password.</doc>
<kw name="Log" library="BuiltIn">
<arg>Creating user with username: ${username} and password: ${password}</arg>
<doc>Logs the given message with the given level.</doc>
<msg timestamp="20241126 16:18:28.466" level="INFO">Creating user with username: invalid!user and password: validPassword123</msg>
<status status="PASS" starttime="20241126 16:18:28.466" endtime="20241126 16:18:28.466"/>
</kw>
<status status="PASS" starttime="20241126 16:18:28.466" endtime="20241126 16:18:28.466"/>
</kw>
<kw name="Output Should Contain">
<arg>Invalid username format</arg>
<doc>This keyword checks if the expected output is present in the response or UI after submitting the credentials.</doc>
<kw name="Log" library="BuiltIn">
<arg>Checking if output contains: ${expected_output}</arg>
<doc>Logs the given message with the given level.</doc>
<msg timestamp="20241126 16:18:28.467" level="INFO">Checking if output contains: Invalid username format</msg>
<status status="PASS" starttime="20241126 16:18:28.467" endtime="20241126 16:18:28.467"/>
</kw>
<status status="PASS" starttime="20241126 16:18:28.466" endtime="20241126 16:18:28.467"/>
</kw>
<doc>This test ensures that an invalid username (e.g., containing special characters) is rejected.</doc>
<status status="PASS" starttime="20241126 16:18:28.465" endtime="20241126 16:18:28.467"/>
</test>
<test id="s1-s2-t5" name="Register With Valid Username And Too Short Password" line="27">
<kw name="Create User And Input Login Command" type="SETUP">
<kw name="Create User">
<arg>kalle</arg>
<arg>kalle123</arg>
<doc>This keyword creates a new user with the specified username and password.</doc>
<kw name="Log" library="BuiltIn">
<arg>Creating user with username: ${username} and password: ${password}</arg>
<doc>Logs the given message with the given level.</doc>
<msg timestamp="20241126 16:18:28.467" level="INFO">Creating user with username: kalle and password: kalle123</msg>
<status status="PASS" starttime="20241126 16:18:28.467" endtime="20241126 16:18:28.467"/>
</kw>
<status status="PASS" starttime="20241126 16:18:28.467" endtime="20241126 16:18:28.468"/>
</kw>
<kw name="Input Login Command" library="resource">
<kw name="Input" library="AppLibrary">
<arg>login</arg>
<status status="PASS" starttime="20241126 16:18:28.468" endtime="20241126 16:18:28.468"/>
</kw>
<status status="PASS" starttime="20241126 16:18:28.468" endtime="20241126 16:18:28.468"/>
</kw>
<status status="PASS" starttime="20241126 16:18:28.467" endtime="20241126 16:18:28.468"/>
</kw>
<kw name="Create User">
<arg>validuser</arg>
<arg>short</arg>
<doc>This keyword creates a new user with the specified username and password.</doc>
<kw name="Log" library="BuiltIn">
<arg>Creating user with username: ${username} and password: ${password}</arg>
<doc>Logs the given message with the given level.</doc>
<msg timestamp="20241126 16:18:28.468" level="INFO">Creating user with username: validuser and password: short</msg>
<status status="PASS" starttime="20241126 16:18:28.468" endtime="20241126 16:18:28.468"/>
</kw>
<status status="PASS" starttime="20241126 16:18:28.468" endtime="20241126 16:18:28.468"/>
</kw>
<kw name="Output Should Contain">
<arg>Password too short</arg>
<doc>This keyword checks if the expected output is present in the response or UI after submitting the credentials.</doc>
<kw name="Log" library="BuiltIn">
<arg>Checking if output contains: ${expected_output}</arg>
<doc>Logs the given message with the given level.</doc>
<msg timestamp="20241126 16:18:28.468" level="INFO">Checking if output contains: Password too short</msg>
<status status="PASS" starttime="20241126 16:18:28.468" endtime="20241126 16:18:28.468"/>
</kw>
<status status="PASS" starttime="20241126 16:18:28.468" endtime="20241126 16:18:28.468"/>
</kw>
<doc>This test verifies that a password that is too short is rejected.</doc>
<status status="PASS" starttime="20241126 16:18:28.467" endtime="20241126 16:18:28.468"/>
</test>
<test id="s1-s2-t6" name="Register With Valid Username And Long Enough Password Containing Only Letters" line="32">
<kw name="Create User And Input Login Command" type="SETUP">
<kw name="Create User">
<arg>kalle</arg>
<arg>kalle123</arg>
<doc>This keyword creates a new user with the specified username and password.</doc>
<kw name="Log" library="BuiltIn">
<arg>Creating user with username: ${username} and password: ${password}</arg>
<doc>Logs the given message with the given level.</doc>
<msg timestamp="20241126 16:18:28.470" level="INFO">Creating user with username: kalle and password: kalle123</msg>
<status status="PASS" starttime="20241126 16:18:28.470" endtime="20241126 16:18:28.470"/>
</kw>
<status status="PASS" starttime="20241126 16:18:28.469" endtime="20241126 16:18:28.470"/>
</kw>
<kw name="Input Login Command" library="resource">
<kw name="Input" library="AppLibrary">
<arg>login</arg>
<status status="PASS" starttime="20241126 16:18:28.470" endtime="20241126 16:18:28.470"/>
</kw>
<status status="PASS" starttime="20241126 16:18:28.470" endtime="20241126 16:18:28.470"/>
</kw>
<status status="PASS" starttime="20241126 16:18:28.469" endtime="20241126 16:18:28.470"/>
</kw>
<kw name="Create User">
<arg>validuser</arg>
<arg>ValidPassword</arg>
<doc>This keyword creates a new user with the specified username and password.</doc>
<kw name="Log" library="BuiltIn">
<arg>Creating user with username: ${username} and password: ${password}</arg>
<doc>Logs the given message with the given level.</doc>
<msg timestamp="20241126 16:18:28.470" level="INFO">Creating user with username: validuser and password: ValidPassword</msg>
<status status="PASS" starttime="20241126 16:18:28.470" endtime="20241126 16:18:28.470"/>
</kw>
<status status="PASS" starttime="20241126 16:18:28.470" endtime="20241126 16:18:28.470"/>
</kw>
<kw name="Output Should Contain">
<arg>User created successfully</arg>
<doc>This keyword checks if the expected output is present in the response or UI after submitting the credentials.</doc>
<kw name="Log" library="BuiltIn">
<arg>Checking if output contains: ${expected_output}</arg>
<doc>Logs the given message with the given level.</doc>
<msg timestamp="20241126 16:18:28.470" level="INFO">Checking if output contains: User created successfully</msg>
<status status="PASS" starttime="20241126 16:18:28.470" endtime="20241126 16:18:28.470"/>
</kw>
<status status="PASS" starttime="20241126 16:18:28.470" endtime="20241126 16:18:28.471"/>
</kw>
<doc>This test checks if the system allows passwords that meet length requirements and contain only letters.</doc>
<status status="PASS" starttime="20241126 16:18:28.469" endtime="20241126 16:18:28.471"/>
</test>
<test id="s1-s2-t7" name="Login With Correct Credentials" line="37">
<kw name="Create User And Input Login Command" type="SETUP">
<kw name="Create User">
<arg>kalle</arg>
<arg>kalle123</arg>
<doc>This keyword creates a new user with the specified username and password.</doc>
<kw name="Log" library="BuiltIn">
<arg>Creating user with username: ${username} and password: ${password}</arg>
<doc>Logs the given message with the given level.</doc>
<msg timestamp="20241126 16:18:28.471" level="INFO">Creating user with username: kalle and password: kalle123</msg>
<status status="PASS" starttime="20241126 16:18:28.471" endtime="20241126 16:18:28.471"/>
</kw>
<status status="PASS" starttime="20241126 16:18:28.471" endtime="20241126 16:18:28.471"/>
</kw>
<kw name="Input Login Command" library="resource">
<kw name="Input" library="AppLibrary">
<arg>login</arg>
<status status="PASS" starttime="20241126 16:18:28.472" endtime="20241126 16:18:28.472"/>
</kw>
<status status="PASS" starttime="20241126 16:18:28.471" endtime="20241126 16:18:28.472"/>
</kw>
<status status="PASS" starttime="20241126 16:18:28.471" endtime="20241126 16:18:28.472"/>
</kw>
<kw name="Input Credentials">
<arg>kalle</arg>
<arg>kalle123</arg>
<doc>This keyword simulates entering credentials into a login form and submitting them.</doc>
<kw name="Log" library="BuiltIn">
<arg>Inputting credentials for ${username} with password ${password}</arg>
<doc>Logs the given message with the given level.</doc>
<msg timestamp="20241126 16:18:28.472" level="INFO">Inputting credentials for kalle with password kalle123</msg>
<status status="PASS" starttime="20241126 16:18:28.472" endtime="20241126 16:18:28.472"/>
</kw>
<status status="PASS" starttime="20241126 16:18:28.472" endtime="20241126 16:18:28.472"/>
</kw>
<kw name="Output Should Contain">
<arg>Logged in</arg>
<doc>This keyword checks if the expected output is present in the response or UI after submitting the credentials.</doc>
<kw name="Log" library="BuiltIn">
<arg>Checking if output contains: ${expected_output}</arg>
<doc>Logs the given message with the given level.</doc>
<msg timestamp="20241126 16:18:28.472" level="INFO">Checking if output contains: Logged in</msg>
<status status="PASS" starttime="20241126 16:18:28.472" endtime="20241126 16:18:28.472"/>
</kw>
<status status="PASS" starttime="20241126 16:18:28.472" endtime="20241126 16:18:28.472"/>
</kw>
<doc>This test verifies that a user can log in with valid credentials.</doc>
<status status="PASS" starttime="20241126 16:18:28.471" endtime="20241126 16:18:28.472"/>
</test>
<test id="s1-s2-t8" name="Login With Incorrect Password" line="42">
<kw name="Create User And Input Login Command" type="SETUP">
<kw name="Create User">
<arg>kalle</arg>
<arg>kalle123</arg>
<doc>This keyword creates a new user with the specified username and password.</doc>
<kw name="Log" library="BuiltIn">
<arg>Creating user with username: ${username} and password: ${password}</arg>
<doc>Logs the given message with the given level.</doc>
<msg timestamp="20241126 16:18:28.473" level="INFO">Creating user with username: kalle and password: kalle123</msg>
<status status="PASS" starttime="20241126 16:18:28.473" endtime="20241126 16:18:28.473"/>
</kw>
<status status="PASS" starttime="20241126 16:18:28.473" endtime="20241126 16:18:28.473"/>
</kw>
<kw name="Input Login Command" library="resource">
<kw name="Input" library="AppLibrary">
<arg>login</arg>
<status status="PASS" starttime="20241126 16:18:28.473" endtime="20241126 16:18:28.473"/>
</kw>
<status status="PASS" starttime="20241126 16:18:28.473" endtime="20241126 16:18:28.473"/>
</kw>
<status status="PASS" starttime="20241126 16:18:28.473" endtime="20241126 16:18:28.473"/>
</kw>
<kw name="Input Credentials">
<arg>kalle</arg>
<arg>wrongpassword</arg>
<doc>This keyword simulates entering credentials into a login form and submitting them.</doc>
<kw name="Log" library="BuiltIn">
<arg>Inputting credentials for ${username} with password ${password}</arg>
<doc>Logs the given message with the given level.</doc>
<msg timestamp="20241126 16:18:28.473" level="INFO">Inputting credentials for kalle with password wrongpassword</msg>
<status status="PASS" starttime="20241126 16:18:28.473" endtime="20241126 16:18:28.473"/>
</kw>
<status status="PASS" starttime="20241126 16:18:28.473" endtime="20241126 16:18:28.473"/>
</kw>
<kw name="Output Should Contain">
<arg>Invalid username or password</arg>
<doc>This keyword checks if the expected output is present in the response or UI after submitting the credentials.</doc>
<kw name="Log" library="BuiltIn">
<arg>Checking if output contains: ${expected_output}</arg>
<doc>Logs the given message with the given level.</doc>
<msg timestamp="20241126 16:18:28.474" level="INFO">Checking if output contains: Invalid username or password</msg>
<status status="PASS" starttime="20241126 16:18:28.474" endtime="20241126 16:18:28.474"/>
</kw>
<status status="PASS" starttime="20241126 16:18:28.474" endtime="20241126 16:18:28.474"/>
</kw>
<doc>This test checks if the system rejects login attempts with incorrect passwords.</doc>
<status status="PASS" starttime="20241126 16:18:28.473" endtime="20241126 16:18:28.474"/>
</test>
<test id="s1-s2-t9" name="Login With Nonexistent Username" line="47">
<kw name="Create User And Input Login Command" type="SETUP">
<kw name="Create User">
<arg>kalle</arg>
<arg>kalle123</arg>
<doc>This keyword creates a new user with the specified username and password.</doc>
<kw name="Log" library="BuiltIn">
<arg>Creating user with username: ${username} and password: ${password}</arg>
<doc>Logs the given message with the given level.</doc>
<msg timestamp="20241126 16:18:28.474" level="INFO">Creating user with username: kalle and password: kalle123</msg>
<status status="PASS" starttime="20241126 16:18:28.474" endtime="20241126 16:18:28.474"/>
</kw>
<status status="PASS" starttime="20241126 16:18:28.474" endtime="20241126 16:18:28.475"/>
</kw>
<kw name="Input Login Command" library="resource">
<kw name="Input" library="AppLibrary">
<arg>login</arg>
<status status="PASS" starttime="20241126 16:18:28.475" endtime="20241126 16:18:28.475"/>
</kw>
<status status="PASS" starttime="20241126 16:18:28.475" endtime="20241126 16:18:28.475"/>
</kw>
<status status="PASS" starttime="20241126 16:18:28.474" endtime="20241126 16:18:28.475"/>
</kw>
<kw name="Input Credentials">
<arg>nonexistinguser</arg>
<arg>somepassword</arg>
<doc>This keyword simulates entering credentials into a login form and submitting them.</doc>
<kw name="Log" library="BuiltIn">
<arg>Inputting credentials for ${username} with password ${password}</arg>
<doc>Logs the given message with the given level.</doc>
<msg timestamp="20241126 16:18:28.475" level="INFO">Inputting credentials for nonexistinguser with password somepassword</msg>
<status status="PASS" starttime="20241126 16:18:28.475" endtime="20241126 16:18:28.475"/>
</kw>
<status status="PASS" starttime="20241126 16:18:28.475" endtime="20241126 16:18:28.475"/>
</kw>
<kw name="Output Should Contain">
<arg>Invalid username or password</arg>
<doc>This keyword checks if the expected output is present in the response or UI after submitting the credentials.</doc>
<kw name="Log" library="BuiltIn">
<arg>Checking if output contains: ${expected_output}</arg>
<doc>Logs the given message with the given level.</doc>
<msg timestamp="20241126 16:18:28.475" level="INFO">Checking if output contains: Invalid username or password</msg>
<status status="PASS" starttime="20241126 16:18:28.475" endtime="20241126 16:18:28.475"/>
</kw>
<status status="PASS" starttime="20241126 16:18:28.475" endtime="20241126 16:18:28.475"/>
</kw>
<doc>This test checks if the system rejects login attempts with a non-existent username.</doc>
<status status="PASS" starttime="20241126 16:18:28.474" endtime="20241126 16:18:28.475"/>
</test>
<status status="PASS" starttime="20241126 16:18:28.459" endtime="20241126 16:18:28.476"/>
</suite>
<status status="PASS" starttime="20241126 16:18:28.432" endtime="20241126 16:18:28.476"/>
</suite>
<statistics>
<total>
<stat pass="12" fail="0" skip="0">All Tests</stat>
</total>
<tag>
</tag>
<suite>
<stat pass="12" fail="0" skip="0" id="s1" name="Tests">Tests</stat>
<stat pass="3" fail="0" skip="0" id="s1-s1" name="Login">Tests.Login</stat>
<stat pass="9" fail="0" skip="0" id="s1-s2" name="Register">Tests.Register</stat>
</suite>
</statistics>
<errors>
</errors>
</robot>
