<?xml version="1.0" encoding="UTF-8"?>
<robot generator="Robot 6.1.1 (Python 3.13.0 on win32)" generated="20241126 16:57:42.889" rpa="false" schemaversion="4">
<suite id="s1" name="Tests" source="C:\MyTemp\TEKA3003\ohturepo2\osa3\login-robot\src\tests">
<suite id="s1-s1" name="Login" source="C:\MyTemp\TEKA3003\ohturepo2\osa3\login-robot\src\tests\login.robot">
<test id="s1-s1-t1" name="Login With Correct Credentials" line="6">
<kw name="Create User And Input Login Command" type="SETUP">
<kw name="Create User" library="AppLibrary">
<arg>kalle</arg>
<arg>kalle123</arg>
<status status="PASS" starttime="20241126 16:57:42.924" endtime="20241126 16:57:42.924"/>
</kw>
<kw name="Input Login Command" library="resource">
<kw name="Input" library="AppLibrary">
<arg>login</arg>
<status status="PASS" starttime="20241126 16:57:42.924" endtime="20241126 16:57:42.924"/>
</kw>
<status status="PASS" starttime="20241126 16:57:42.924" endtime="20241126 16:57:42.924"/>
</kw>
<status status="PASS" starttime="20241126 16:57:42.924" endtime="20241126 16:57:42.924"/>
</kw>
<kw name="Input Credentials" library="resource">
<arg>kalle</arg>
<arg>kalle123</arg>
<kw name="Input" library="AppLibrary">
<arg>${username}</arg>
<status status="PASS" starttime="20241126 16:57:42.925" endtime="20241126 16:57:42.925"/>
</kw>
<kw name="Input" library="AppLibrary">
<arg>${password}</arg>
<status status="PASS" starttime="20241126 16:57:42.925" endtime="20241126 16:57:42.925"/>
</kw>
<kw name="Run Application" library="AppLibrary">
<status status="PASS" starttime="20241126 16:57:42.925" endtime="20241126 16:57:42.925"/>
</kw>
<status status="PASS" starttime="20241126 16:57:42.925" endtime="20241126 16:57:42.925"/>
</kw>
<kw name="Output Should Contain" library="AppLibrary">
<arg>Logged in</arg>
<status status="PASS" starttime="20241126 16:57:42.925" endtime="20241126 16:57:42.925"/>
</kw>
<status status="PASS" starttime="20241126 16:57:42.923" endtime="20241126 16:57:42.925"/>
</test>
<test id="s1-s1-t2" name="Login With Incorrect Password" line="10">
<kw name="Create User And Input Login Command" type="SETUP">
<kw name="Create User" library="AppLibrary">
<arg>kalle</arg>
<arg>kalle123</arg>
<status status="PASS" starttime="20241126 16:57:42.926" endtime="20241126 16:57:42.926"/>
</kw>
<kw name="Input Login Command" library="resource">
<kw name="Input" library="AppLibrary">
<arg>login</arg>
<status status="PASS" starttime="20241126 16:57:42.926" endtime="20241126 16:57:42.926"/>
</kw>
<status status="PASS" starttime="20241126 16:57:42.926" endtime="20241126 16:57:42.926"/>
</kw>
<status status="PASS" starttime="20241126 16:57:42.926" endtime="20241126 16:57:42.926"/>
</kw>
<kw name="Input Credentials" library="resource">
<arg>kalle</arg>
<arg>wrongpassword</arg>
<kw name="Input" library="AppLibrary">
<arg>${username}</arg>
<status status="PASS" starttime="20241126 16:57:42.926" endtime="20241126 16:57:42.926"/>
</kw>
<kw name="Input" library="AppLibrary">
<arg>${password}</arg>
<status status="PASS" starttime="20241126 16:57:42.926" endtime="20241126 16:57:42.926"/>
</kw>
<kw name="Run Application" library="AppLibrary">
<status status="PASS" starttime="20241126 16:57:42.926" endtime="20241126 16:57:42.926"/>
</kw>
<status status="PASS" starttime="20241126 16:57:42.926" endtime="20241126 16:57:42.927"/>
</kw>
<kw name="Output Should Contain" library="AppLibrary">
<arg>Invalid username or password</arg>
<status status="PASS" starttime="20241126 16:57:42.927" endtime="20241126 16:57:42.927"/>
</kw>
<status status="PASS" starttime="20241126 16:57:42.926" endtime="20241126 16:57:42.927"/>
</test>
<test id="s1-s1-t3" name="Login With Nonexistent Username" line="14">
<kw name="Create User And Input Login Command" type="SETUP">
<kw name="Create User" library="AppLibrary">
<arg>kalle</arg>
<arg>kalle123</arg>
<status status="PASS" starttime="20241126 16:57:42.927" endtime="20241126 16:57:42.927"/>
</kw>
<kw name="Input Login Command" library="resource">
<kw name="Input" library="AppLibrary">
<arg>login</arg>
<status status="PASS" starttime="20241126 16:57:42.928" endtime="20241126 16:57:42.928"/>
</kw>
<status status="PASS" starttime="20241126 16:57:42.928" endtime="20241126 16:57:42.928"/>
</kw>
<status status="PASS" starttime="20241126 16:57:42.927" endtime="20241126 16:57:42.928"/>
</kw>
<kw name="Input Credentials" library="resource">
<arg>nonexistinguser</arg>
<arg>somepassword</arg>
<kw name="Input" library="AppLibrary">
<arg>${username}</arg>
<status status="PASS" starttime="20241126 16:57:42.928" endtime="20241126 16:57:42.928"/>
</kw>
<kw name="Input" library="AppLibrary">
<arg>${password}</arg>
<status status="PASS" starttime="20241126 16:57:42.928" endtime="20241126 16:57:42.928"/>
</kw>
<kw name="Run Application" library="AppLibrary">
<status status="PASS" starttime="20241126 16:57:42.928" endtime="20241126 16:57:42.928"/>
</kw>
<status status="PASS" starttime="20241126 16:57:42.928" endtime="20241126 16:57:42.928"/>
</kw>
<kw name="Output Should Contain" library="AppLibrary">
<arg>Invalid username or password</arg>
<status status="PASS" starttime="20241126 16:57:42.928" endtime="20241126 16:57:42.928"/>
</kw>
<status status="PASS" starttime="20241126 16:57:42.927" endtime="20241126 16:57:42.928"/>
</test>
<status status="PASS" starttime="20241126 16:57:42.907" endtime="20241126 16:57:42.929"/>
</suite>
<suite id="s1-s2" name="Register" source="C:\MyTemp\TEKA3003\ohturepo2\osa3\login-robot\src\tests\register.robot">
<test id="s1-s2-t1" name="Register With Valid Username And Password" line="7">
<kw name="Create User And Input Login Command" type="SETUP">
<kw name="Create User">
<arg>kalle</arg>
<arg>kalle123</arg>
<doc>This keyword creates a new user with the specified username and password.</doc>
<kw name="Log" library="BuiltIn">
<arg>Creating user with username: ${username} and password: ${password}</arg>
<doc>Logs the given message with the given level.</doc>
<msg timestamp="20241126 16:57:42.931" level="INFO">Creating user with username: kalle and password: kalle123</msg>
<status status="PASS" starttime="20241126 16:57:42.931" endtime="20241126 16:57:42.931"/>
</kw>
<status status="PASS" starttime="20241126 16:57:42.931" endtime="20241126 16:57:42.931"/>
</kw>
<kw name="Input Login Command" library="resource">
<kw name="Input" library="AppLibrary">
<arg>login</arg>
<status status="PASS" starttime="20241126 16:57:42.931" endtime="20241126 16:57:42.931"/>
</kw>
<status status="PASS" starttime="20241126 16:57:42.931" endtime="20241126 16:57:42.931"/>
</kw>
<status status="PASS" starttime="20241126 16:57:42.931" endtime="20241126 16:57:42.931"/>
</kw>
<kw name="Create User">
<arg>validuser</arg>
<arg>validPassword123</arg>
<doc>This keyword creates a new user with the specified username and password.</doc>
<kw name="Log" library="BuiltIn">
<arg>Creating user with username: ${username} and password: ${password}</arg>
<doc>Logs the given message with the given level.</doc>
<msg timestamp="20241126 16:57:42.931" level="INFO">Creating user with username: validuser and password: validPassword123</msg>
<status status="PASS" starttime="20241126 16:57:42.931" endtime="20241126 16:57:42.931"/>
</kw>
<status status="PASS" starttime="20241126 16:57:42.931" endtime="20241126 16:57:42.931"/>
</kw>
<kw name="Output Should Contain">
<arg>User created successfully</arg>
<doc>This keyword checks if the expected output is present in the response or UI after submitting the credentials.</doc>
<kw name="Log" library="BuiltIn">
<arg>Checking if output contains: ${expected_output}</arg>
<doc>Logs the given message with the given level.</doc>
<msg timestamp="20241126 16:57:42.932" level="INFO">Checking if output contains: User created successfully</msg>
<status status="PASS" starttime="20241126 16:57:42.932" endtime="20241126 16:57:42.932"/>
</kw>
<status status="PASS" starttime="20241126 16:57:42.931" endtime="20241126 16:57:42.932"/>
</kw>
<doc>This test verifies that a user can successfully register with a valid username and password.</doc>
<status status="PASS" starttime="20241126 16:57:42.930" endtime="20241126 16:57:42.932"/>
</test>
<test id="s1-s2-t2" name="Register With Already Taken Username And Valid Password" line="12">
<kw name="Create User And Input Login Command" type="SETUP">
<kw name="Create User">
<arg>kalle</arg>
<arg>kalle123</arg>
<doc>This keyword creates a new user with the specified username and password.</doc>
<kw name="Log" library="BuiltIn">
<arg>Creating user with username: ${username} and password: ${password}</arg>
<doc>Logs the given message with the given level.</doc>
<msg timestamp="20241126 16:57:42.933" level="INFO">Creating user with username: kalle and password: kalle123</msg>
<status status="PASS" starttime="20241126 16:57:42.932" endtime="20241126 16:57:42.933"/>
</kw>
<status status="PASS" starttime="20241126 16:57:42.932" endtime="20241126 16:57:42.933"/>
</kw>
<kw name="Input Login Command" library="resource">
<kw name="Input" library="AppLibrary">
<arg>login</arg>
<status status="PASS" starttime="20241126 16:57:42.933" endtime="20241126 16:57:42.933"/>
</kw>
<status status="PASS" starttime="20241126 16:57:42.933" endtime="20241126 16:57:42.933"/>
</kw>
<status status="PASS" starttime="20241126 16:57:42.932" endtime="20241126 16:57:42.933"/>
</kw>
<kw name="Create User">
<arg>kalle</arg>
<arg>kalle123</arg>
<doc>This keyword creates a new user with the specified username and password.</doc>
<kw name="Log" library="BuiltIn">
<arg>Creating user with username: ${username} and password: ${password}</arg>
<doc>Logs the given message with the given level.</doc>
<msg timestamp="20241126 16:57:42.933" level="INFO">Creating user with username: kalle and password: kalle123</msg>
<status status="PASS" starttime="20241126 16:57:42.933" endtime="20241126 16:57:42.933"/>
</kw>
<status status="PASS" starttime="20241126 16:57:42.933" endtime="20241126 16:57:42.933"/>
</kw>
<kw name="Output Should Contain">
<arg>Username already taken</arg>
<doc>This keyword checks if the expected output is present in the response or UI after submitting the credentials.</doc>
<kw name="Log" library="BuiltIn">
<arg>Checking if output contains: ${expected_output}</arg>
<doc>Logs the given message with the given level.</doc>
<msg timestamp="20241126 16:57:42.933" level="INFO">Checking if output contains: Username already taken</msg>
<status status="PASS" starttime="20241126 16:57:42.933" endtime="20241126 16:57:42.933"/>
</kw>
<status status="PASS" starttime="20241126 16:57:42.933" endtime="20241126 16:57:42.933"/>
</kw>
<doc>This test checks if attempting to register with an already taken username fails.</doc>
<status status="PASS" starttime="20241126 16:57:42.932" endtime="20241126 16:57:42.933"/>
</test>
<test id="s1-s2-t3" name="Register With Too Short Username And Valid Password" line="17">
<kw name="Create User And Input Login Command" type="SETUP">
<kw name="Create User">
<arg>kalle</arg>
<arg>kalle123</arg>
<doc>This keyword creates a new user with the specified username and password.</doc>
<kw name="Log" library="BuiltIn">
<arg>Creating user with username: ${username} and password: ${password}</arg>
<doc>Logs the given message with the given level.</doc>
<msg timestamp="20241126 16:57:42.934" level="INFO">Creating user with username: kalle and password: kalle123</msg>
<status status="PASS" starttime="20241126 16:57:42.934" endtime="20241126 16:57:42.934"/>
</kw>
<status status="PASS" starttime="20241126 16:57:42.934" endtime="20241126 16:57:42.934"/>
</kw>
<kw name="Input Login Command" library="resource">
<kw name="Input" library="AppLibrary">
<arg>login</arg>
<status status="PASS" starttime="20241126 16:57:42.934" endtime="20241126 16:57:42.934"/>
</kw>
<status status="PASS" starttime="20241126 16:57:42.934" endtime="20241126 16:57:42.934"/>
</kw>
<status status="PASS" starttime="20241126 16:57:42.934" endtime="20241126 16:57:42.934"/>
</kw>
<kw name="Create User">
<arg>ab</arg>
<arg>validPassword123</arg>
<doc>This keyword creates a new user with the specified username and password.</doc>
<kw name="Log" library="BuiltIn">
<arg>Creating user with username: ${username} and password: ${password}</arg>
<doc>Logs the given message with the given level.</doc>
<msg timestamp="20241126 16:57:42.935" level="INFO">Creating user with username: ab and password: validPassword123</msg>
<status status="PASS" starttime="20241126 16:57:42.935" endtime="20241126 16:57:42.935"/>
</kw>
<status status="PASS" starttime="20241126 16:57:42.934" endtime="20241126 16:57:42.935"/>
</kw>
<kw name="Output Should Contain">
<arg>Username too short</arg>
<doc>This keyword checks if the expected output is present in the response or UI after submitting the credentials.</doc>
<kw name="Log" library="BuiltIn">
<arg>Checking if output contains: ${expected_output}</arg>
<doc>Logs the given message with the given level.</doc>
<msg timestamp="20241126 16:57:42.935" level="INFO">Checking if output contains: Username too short</msg>
<status status="PASS" starttime="20241126 16:57:42.935" endtime="20241126 16:57:42.935"/>
</kw>
<status status="PASS" starttime="20241126 16:57:42.935" endtime="20241126 16:57:42.935"/>
</kw>
<doc>This test checks if the system rejects a username that is too short.</doc>
<status status="PASS" starttime="20241126 16:57:42.934" endtime="20241126 16:57:42.935"/>
</test>
<test id="s1-s2-t4" name="Register With Enough Long But Invalid Username And Valid Password" line="22">
<kw name="Create User And Input Login Command" type="SETUP">
<kw name="Create User">
<arg>kalle</arg>
<arg>kalle123</arg>
<doc>This keyword creates a new user with the specified username and password.</doc>
<kw name="Log" library="BuiltIn">
<arg>Creating user with username: ${username} and password: ${password}</arg>
<doc>Logs the given message with the given level.</doc>
<msg timestamp="20241126 16:57:42.936" level="INFO">Creating user with username: kalle and password: kalle123</msg>
<status status="PASS" starttime="20241126 16:57:42.936" endtime="20241126 16:57:42.936"/>
</kw>
<status status="PASS" starttime="20241126 16:57:42.936" endtime="20241126 16:57:42.936"/>
</kw>
<kw name="Input Login Command" library="resource">
<kw name="Input" library="AppLibrary">
<arg>login</arg>
<status status="PASS" starttime="20241126 16:57:42.936" endtime="20241126 16:57:42.936"/>
</kw>
<status status="PASS" starttime="20241126 16:57:42.936" endtime="20241126 16:57:42.936"/>
</kw>
<status status="PASS" starttime="20241126 16:57:42.936" endtime="20241126 16:57:42.936"/>
</kw>
<kw name="Create User">
<arg>invalid!user</arg>
<arg>validPassword123</arg>
<doc>This keyword creates a new user with the specified username and password.</doc>
<kw name="Log" library="BuiltIn">
<arg>Creating user with username: ${username} and password: ${password}</arg>
<doc>Logs the given message with the given level.</doc>
<msg timestamp="20241126 16:57:42.936" level="INFO">Creating user with username: invalid!user and password: validPassword123</msg>
<status status="PASS" starttime="20241126 16:57:42.936" endtime="20241126 16:57:42.936"/>
</kw>
<status status="PASS" starttime="20241126 16:57:42.936" endtime="20241126 16:57:42.936"/>
</kw>
<kw name="Output Should Contain">
<arg>Invalid username format</arg>
<doc>This keyword checks if the expected output is present in the response or UI after submitting the credentials.</doc>
<kw name="Log" library="BuiltIn">
<arg>Checking if output contains: ${expected_output}</arg>
<doc>Logs the given message with the given level.</doc>
<msg timestamp="20241126 16:57:42.937" level="INFO">Checking if output contains: Invalid username format</msg>
<status status="PASS" starttime="20241126 16:57:42.936" endtime="20241126 16:57:42.937"/>
</kw>
<status status="PASS" starttime="20241126 16:57:42.936" endtime="20241126 16:57:42.937"/>
</kw>
<doc>This test ensures that an invalid username (e.g., containing special characters) is rejected.</doc>
<status status="PASS" starttime="20241126 16:57:42.935" endtime="20241126 16:57:42.937"/>
</test>
<test id="s1-s2-t5" name="Register With Valid Username And Too Short Password" line="27">
<kw name="Create User And Input Login Command" type="SETUP">
<kw name="Create User">
<arg>kalle</arg>
<arg>kalle123</arg>
<doc>This keyword creates a new user with the specified username and password.</doc>
<kw name="Log" library="BuiltIn">
<arg>Creating user with username: ${username} and password: ${password}</arg>
<doc>Logs the given message with the given level.</doc>
<msg timestamp="20241126 16:57:42.937" level="INFO">Creating user with username: kalle and password: kalle123</msg>
<status status="PASS" starttime="20241126 16:57:42.937" endtime="20241126 16:57:42.938"/>
</kw>
<status status="PASS" starttime="20241126 16:57:42.937" endtime="20241126 16:57:42.938"/>
</kw>
<kw name="Input Login Command" library="resource">
<kw name="Input" library="AppLibrary">
<arg>login</arg>
<status status="PASS" starttime="20241126 16:57:42.938" endtime="20241126 16:57:42.938"/>
</kw>
<status status="PASS" starttime="20241126 16:57:42.938" endtime="20241126 16:57:42.938"/>
</kw>
<status status="PASS" starttime="20241126 16:57:42.937" endtime="20241126 16:57:42.938"/>
</kw>
<kw name="Create User">
<arg>validuser</arg>
<arg>short</arg>
<doc>This keyword creates a new user with the specified username and password.</doc>
<kw name="Log" library="BuiltIn">
<arg>Creating user with username: ${username} and password: ${password}</arg>
<doc>Logs the given message with the given level.</doc>
<msg timestamp="20241126 16:57:42.938" level="INFO">Creating user with username: validuser and password: short</msg>
<status status="PASS" starttime="20241126 16:57:42.938" endtime="20241126 16:57:42.938"/>
</kw>
<status status="PASS" starttime="20241126 16:57:42.938" endtime="20241126 16:57:42.938"/>
</kw>
<kw name="Output Should Contain">
<arg>Password too short</arg>
<doc>This keyword checks if the expected output is present in the response or UI after submitting the credentials.</doc>
<kw name="Log" library="BuiltIn">
<arg>Checking if output contains: ${expected_output}</arg>
<doc>Logs the given message with the given level.</doc>
<msg timestamp="20241126 16:57:42.938" level="INFO">Checking if output contains: Password too short</msg>
<status status="PASS" starttime="20241126 16:57:42.938" endtime="20241126 16:57:42.938"/>
</kw>
<status status="PASS" starttime="20241126 16:57:42.938" endtime="20241126 16:57:42.938"/>
</kw>
<doc>This test verifies that a password that is too short is rejected.</doc>
<status status="PASS" starttime="20241126 16:57:42.937" endtime="20241126 16:57:42.938"/>
</test>
<test id="s1-s2-t6" name="Register With Valid Username And Long Enough Password Containing Only Letters" line="32">
<kw name="Create User And Input Login Command" type="SETUP">
<kw name="Create User">
<arg>kalle</arg>
<arg>kalle123</arg>
<doc>This keyword creates a new user with the specified username and password.</doc>
<kw name="Log" library="BuiltIn">
<arg>Creating user with username: ${username} and password: ${password}</arg>
<doc>Logs the given message with the given level.</doc>
<msg timestamp="20241126 16:57:42.939" level="INFO">Creating user with username: kalle and password: kalle123</msg>
<status status="PASS" starttime="20241126 16:57:42.939" endtime="20241126 16:57:42.939"/>
</kw>
<status status="PASS" starttime="20241126 16:57:42.939" endtime="20241126 16:57:42.939"/>
</kw>
<kw name="Input Login Command" library="resource">
<kw name="Input" library="AppLibrary">
<arg>login</arg>
<status status="PASS" starttime="20241126 16:57:42.939" endtime="20241126 16:57:42.939"/>
</kw>
<status status="PASS" starttime="20241126 16:57:42.939" endtime="20241126 16:57:42.939"/>
</kw>
<status status="PASS" starttime="20241126 16:57:42.939" endtime="20241126 16:57:42.939"/>
</kw>
<kw name="Create User">
<arg>validuser</arg>
<arg>ValidPassword</arg>
<doc>This keyword creates a new user with the specified username and password.</doc>
<kw name="Log" library="BuiltIn">
<arg>Creating user with username: ${username} and password: ${password}</arg>
<doc>Logs the given message with the given level.</doc>
<msg timestamp="20241126 16:57:42.940" level="INFO">Creating user with username: validuser and password: ValidPassword</msg>
<status status="PASS" starttime="20241126 16:57:42.940" endtime="20241126 16:57:42.940"/>
</kw>
<status status="PASS" starttime="20241126 16:57:42.939" endtime="20241126 16:57:42.940"/>
</kw>
<kw name="Output Should Contain">
<arg>User created successfully</arg>
<doc>This keyword checks if the expected output is present in the response or UI after submitting the credentials.</doc>
<kw name="Log" library="BuiltIn">
<arg>Checking if output contains: ${expected_output}</arg>
<doc>Logs the given message with the given level.</doc>
<msg timestamp="20241126 16:57:42.940" level="INFO">Checking if output contains: User created successfully</msg>
<status status="PASS" starttime="20241126 16:57:42.940" endtime="20241126 16:57:42.940"/>
</kw>
<status status="PASS" starttime="20241126 16:57:42.940" endtime="20241126 16:57:42.940"/>
</kw>
<doc>This test checks if the system allows passwords that meet length requirements and contain only letters.</doc>
<status status="PASS" starttime="20241126 16:57:42.939" endtime="20241126 16:57:42.940"/>
</test>
<status status="PASS" starttime="20241126 16:57:42.929" endtime="20241126 16:57:42.941"/>
</suite>
<status status="PASS" starttime="20241126 16:57:42.890" endtime="20241126 16:57:42.941"/>
</suite>
<statistics>
<total>
<stat pass="9" fail="0" skip="0">All Tests</stat>
</total>
<tag>
</tag>
<suite>
<stat pass="9" fail="0" skip="0" id="s1" name="Tests">Tests</stat>
<stat pass="3" fail="0" skip="0" id="s1-s1" name="Login">Tests.Login</stat>
<stat pass="6" fail="0" skip="0" id="s1-s2" name="Register">Tests.Register</stat>
</suite>
</statistics>
<errors>
</errors>
</robot>
